{"/Users/bobby/git/firstblood/web3vueVault/Vault/src/components/event-monitor.vue": {"path":"/Users/bobby/git/firstblood/web3vueVault/Vault/src/components/event-monitor.vue","statementMap":{"0":{"start":{"line":25,"column":0},"end":{"line":null,"column":-1}},"1":{"start":{"line":30,"column":0},"end":{"line":null,"column":-1}},"2":{"start":{"line":31,"column":0},"end":{"line":null,"column":-1}}},"fnMap":{"0":{"name":"lastEventBlock","decl":{"start":{"line":30,"column":0},"end":{"line":null,"column":-1}},"loc":{"start":{"line":30,"column":0},"end":{"line":null,"column":-1}}},"1":{"name":"eventList","decl":{"start":{"line":31,"column":0},"end":{"line":null,"column":-1}},"loc":{"start":{"line":31,"column":0},"end":{"line":null,"column":-1}}}},"branchMap":{},"s":{"0":0,"1":0,"2":0},"f":{"0":0,"1":0},"b":{}}
,"/Users/bobby/git/firstblood/web3vueVault/Vault/src/components/user-wallet.vue": {"path":"/Users/bobby/git/firstblood/web3vueVault/Vault/src/components/user-wallet.vue","statementMap":{"0":{"start":{"line":19,"column":0},"end":{"line":null,"column":-1}},"1":{"start":{"line":24,"column":0},"end":{"line":null,"column":-1}},"2":{"start":{"line":31,"column":0},"end":{"line":null,"column":-1}},"3":{"start":{"line":33,"column":0},"end":{"line":null,"column":-1}},"4":{"start":{"line":37,"column":0},"end":{"line":null,"column":-1}},"5":{"start":{"line":38,"column":0},"end":{"line":null,"column":-1}},"6":{"start":{"line":39,"column":0},"end":{"line":null,"column":-1}},"7":{"start":{"line":40,"column":0},"end":{"line":null,"column":-1}},"8":{"start":{"line":41,"column":0},"end":{"line":53,"column":0}},"9":{"start":{"line":46,"column":0},"end":{"line":52,"column":0}},"10":{"start":{"line":47,"column":0},"end":{"line":null,"column":-1}},"11":{"start":{"line":48,"column":0},"end":{"line":null,"column":-1}},"12":{"start":{"line":50,"column":0},"end":{"line":null,"column":-1}},"13":{"start":{"line":51,"column":0},"end":{"line":null,"column":-1}}},"fnMap":{"0":{"name":"data","decl":{"start":{"line":23,"column":0},"end":{"line":null,"column":-1}},"loc":{"start":{"line":23,"column":0},"end":{"line":29,"column":0}}},"1":{"name":"coinbase","decl":{"start":{"line":31,"column":0},"end":{"line":null,"column":-1}},"loc":{"start":{"line":31,"column":0},"end":{"line":null,"column":-1}}},"2":{"name":"balance","decl":{"start":{"line":32,"column":0},"end":{"line":null,"column":-1}},"loc":{"start":{"line":32,"column":0},"end":{"line":34,"column":0}}},"3":{"name":"clickDeposit","decl":{"start":{"line":37,"column":0},"end":{"line":null,"column":-1}},"loc":{"start":{"line":37,"column":0},"end":{"line":54,"column":0}}},"4":{"name":"(anonymous_5)","decl":{"start":{"line":41,"column":0},"end":{"line":null,"column":-1}},"loc":{"start":{"line":41,"column":0},"end":{"line":53,"column":0}}}},"branchMap":{"0":{"loc":{"start":{"line":33,"column":0},"end":{"line":null,"column":-1}},"type":"if","locations":[{"start":{"line":33,"column":0},"end":{"line":null,"column":-1}},{"start":{"line":33,"column":0},"end":{"line":null,"column":-1}}]},"1":{"loc":{"start":{"line":46,"column":0},"end":{"line":52,"column":0}},"type":"if","locations":[{"start":{"line":46,"column":0},"end":{"line":52,"column":0}},{"start":{"line":46,"column":0},"end":{"line":52,"column":0}}]}},"s":{"0":0,"1":0,"2":0,"3":0,"4":0,"5":0,"6":0,"7":0,"8":0,"9":0,"10":0,"11":0,"12":0,"13":0},"f":{"0":0,"1":0,"2":0,"3":0,"4":0},"b":{"0":[0,0],"1":[0,0]}}
,"/Users/bobby/git/firstblood/web3vueVault/Vault/src/components/vault-dapp.vue": {"path":"/Users/bobby/git/firstblood/web3vueVault/Vault/src/components/vault-dapp.vue","statementMap":{"0":{"start":{"line":29,"column":0},"end":{"line":null,"column":-1}},"1":{"start":{"line":30,"column":0},"end":{"line":null,"column":-1}},"2":{"start":{"line":31,"column":0},"end":{"line":null,"column":-1}},"3":{"start":{"line":36,"column":0},"end":{"line":null,"column":-1}},"4":{"start":{"line":37,"column":0},"end":{"line":null,"column":-1}}},"fnMap":{"0":{"name":"beforeCreate","decl":{"start":{"line":35,"column":0},"end":{"line":null,"column":-1}},"loc":{"start":{"line":35,"column":0},"end":{"line":38,"column":0}}}},"branchMap":{},"s":{"0":0,"1":0,"2":0,"3":0,"4":0},"f":{"0":0},"b":{}}
,"/Users/bobby/git/firstblood/web3vueVault/Vault/src/components/vault.vue": {"path":"/Users/bobby/git/firstblood/web3vueVault/Vault/src/components/vault.vue","statementMap":{"0":{"start":{"line":20,"column":0},"end":{"line":null,"column":-1}},"1":{"start":{"line":21,"column":0},"end":{"line":null,"column":-1}},"2":{"start":{"line":26,"column":0},"end":{"line":null,"column":-1}},"3":{"start":{"line":35,"column":0},"end":{"line":null,"column":-1}},"4":{"start":{"line":38,"column":0},"end":{"line":null,"column":-1}},"5":{"start":{"line":42,"column":0},"end":{"line":null,"column":-1}},"6":{"start":{"line":43,"column":0},"end":{"line":null,"column":-1}},"7":{"start":{"line":44,"column":0},"end":{"line":null,"column":-1}},"8":{"start":{"line":45,"column":0},"end":{"line":null,"column":-1}},"9":{"start":{"line":46,"column":0},"end":{"line":57,"column":0}},"10":{"start":{"line":50,"column":0},"end":{"line":56,"column":0}},"11":{"start":{"line":51,"column":0},"end":{"line":null,"column":-1}},"12":{"start":{"line":52,"column":0},"end":{"line":null,"column":-1}},"13":{"start":{"line":54,"column":0},"end":{"line":null,"column":-1}},"14":{"start":{"line":55,"column":0},"end":{"line":null,"column":-1}},"15":{"start":{"line":61,"column":0},"end":{"line":null,"column":-1}},"16":{"start":{"line":62,"column":0},"end":{"line":null,"column":-1}}},"fnMap":{"0":{"name":"data","decl":{"start":{"line":25,"column":0},"end":{"line":null,"column":-1}},"loc":{"start":{"line":25,"column":0},"end":{"line":32,"column":0}}},"1":{"name":"balance","decl":{"start":{"line":34,"column":0},"end":{"line":null,"column":-1}},"loc":{"start":{"line":34,"column":0},"end":{"line":36,"column":0}}},"2":{"name":"userBalance","decl":{"start":{"line":37,"column":0},"end":{"line":null,"column":-1}},"loc":{"start":{"line":37,"column":0},"end":{"line":39,"column":0}}},"3":{"name":"clickWithdraw","decl":{"start":{"line":42,"column":0},"end":{"line":null,"column":-1}},"loc":{"start":{"line":42,"column":0},"end":{"line":58,"column":0}}},"4":{"name":"(anonymous_5)","decl":{"start":{"line":46,"column":0},"end":{"line":null,"column":-1}},"loc":{"start":{"line":46,"column":0},"end":{"line":57,"column":0}}},"5":{"name":"mounted","decl":{"start":{"line":60,"column":0},"end":{"line":null,"column":-1}},"loc":{"start":{"line":60,"column":0},"end":{"line":63,"column":0}}}},"branchMap":{"0":{"loc":{"start":{"line":35,"column":0},"end":{"line":null,"column":-1}},"type":"if","locations":[{"start":{"line":35,"column":0},"end":{"line":null,"column":-1}},{"start":{"line":35,"column":0},"end":{"line":null,"column":-1}}]},"1":{"loc":{"start":{"line":38,"column":0},"end":{"line":null,"column":-1}},"type":"if","locations":[{"start":{"line":38,"column":0},"end":{"line":null,"column":-1}},{"start":{"line":38,"column":0},"end":{"line":null,"column":-1}}]},"2":{"loc":{"start":{"line":50,"column":0},"end":{"line":56,"column":0}},"type":"if","locations":[{"start":{"line":50,"column":0},"end":{"line":56,"column":0}},{"start":{"line":50,"column":0},"end":{"line":56,"column":0}}]}},"s":{"0":0,"1":0,"2":0,"3":0,"4":0,"5":0,"6":0,"7":0,"8":0,"9":0,"10":0,"11":0,"12":0,"13":0,"14":0,"15":0,"16":0},"f":{"0":0,"1":0,"2":0,"3":0,"4":0,"5":0},"b":{"0":[0,0],"1":[0,0],"2":[0,0]}}
,"/Users/bobby/git/firstblood/web3vueVault/Vault/src/store/index.js": {"path":"/Users/bobby/git/firstblood/web3vueVault/Vault/src/store/index.js","statementMap":{"0":{"start":{"line":1,"column":0},"end":{"line":null,"column":-1}},"1":{"start":{"line":2,"column":0},"end":{"line":null,"column":-1}},"2":{"start":{"line":3,"column":0},"end":{"line":null,"column":-1}},"3":{"start":{"line":4,"column":0},"end":{"line":null,"column":-1}},"4":{"start":{"line":5,"column":0},"end":{"line":null,"column":-1}},"5":{"start":{"line":6,"column":0},"end":{"line":null,"column":-1}},"6":{"start":{"line":7,"column":0},"end":{"line":null,"column":-1}},"7":{"start":{"line":8,"column":0},"end":{"line":null,"column":-1}},"8":{"start":{"line":9,"column":0},"end":{"line":null,"column":-1}},"9":{"start":{"line":10,"column":0},"end":{"line":null,"column":-1}},"10":{"start":{"line":13,"column":0},"end":{"line":null,"column":-1}},"11":{"start":{"line":14,"column":13},"end":{"line":14,"column":7}},"12":{"start":{"line":19,"column":6},"end":{"line":null,"column":-1}},"13":{"start":{"line":20,"column":19},"end":{"line":20,"column":6}},"14":{"start":{"line":21,"column":21},"end":{"line":21,"column":6}},"15":{"start":{"line":22,"column":6},"end":{"line":null,"column":-1}},"16":{"start":{"line":23,"column":6},"end":{"line":null,"column":-1}},"17":{"start":{"line":24,"column":6},"end":{"line":null,"column":-1}},"18":{"start":{"line":25,"column":6},"end":{"line":null,"column":-1}},"19":{"start":{"line":26,"column":6},"end":{"line":null,"column":-1}},"20":{"start":{"line":27,"column":6},"end":{"line":null,"column":-1}},"21":{"start":{"line":28,"column":6},"end":{"line":null,"column":-1}},"22":{"start":{"line":29,"column":6},"end":{"line":null,"column":-1}},"23":{"start":{"line":32,"column":6},"end":{"line":null,"column":-1}},"24":{"start":{"line":33,"column":6},"end":{"line":null,"column":-1}},"25":{"start":{"line":34,"column":6},"end":{"line":null,"column":-1}},"26":{"start":{"line":37,"column":6},"end":{"line":null,"column":-1}},"27":{"start":{"line":38,"column":6},"end":{"line":null,"column":-1}},"28":{"start":{"line":38,"column":31},"end":{"line":38,"column":5}},"29":{"start":{"line":41,"column":6},"end":{"line":null,"column":-1}},"30":{"start":{"line":42,"column":6},"end":{"line":null,"column":-1}},"31":{"start":{"line":42,"column":36},"end":{"line":42,"column":5}},"32":{"start":{"line":45,"column":6},"end":{"line":null,"column":-1}},"33":{"start":{"line":46,"column":6},"end":{"line":null,"column":-1}},"34":{"start":{"line":47,"column":6},"end":{"line":null,"column":-1}},"35":{"start":{"line":50,"column":6},"end":{"line":null,"column":-1}},"36":{"start":{"line":51,"column":6},"end":{"line":null,"column":-1}},"37":{"start":{"line":54,"column":6},"end":{"line":null,"column":-1}},"38":{"start":{"line":56,"column":6},"end":{"line":null,"column":-1}},"39":{"start":{"line":60,"column":28},"end":{"line":60,"column":27}},"40":{"start":{"line":61,"column":6},"end":{"line":null,"column":-1}},"41":{"start":{"line":62,"column":6},"end":{"line":null,"column":-1}},"42":{"start":{"line":63,"column":8},"end":{"line":null,"column":-1}},"43":{"start":{"line":64,"column":8},"end":{"line":null,"column":-1}},"44":{"start":{"line":66,"column":8},"end":{"line":null,"column":-1}},"45":{"start":{"line":69,"column":33},"end":{"line":69,"column":32}},"46":{"start":{"line":70,"column":6},"end":{"line":null,"column":-1}},"47":{"start":{"line":71,"column":6},"end":{"line":null,"column":-1}},"48":{"start":{"line":73,"column":35},"end":{"line":73,"column":34}},"49":{"start":{"line":74,"column":6},"end":{"line":null,"column":-1}},"50":{"start":{"line":75,"column":8},"end":{"line":null,"column":-1}},"51":{"start":{"line":76,"column":15},"end":{"line":74,"column":5}},"52":{"start":{"line":78,"column":40},"end":{"line":78,"column":39}},"53":{"start":{"line":79,"column":6},"end":{"line":null,"column":-1}},"54":{"start":{"line":80,"column":8},"end":{"line":null,"column":-1}},"55":{"start":{"line":81,"column":15},"end":{"line":79,"column":5}},"56":{"start":{"line":83,"column":42},"end":{"line":83,"column":41}},"57":{"start":{"line":84,"column":6},"end":{"line":null,"column":-1}},"58":{"start":{"line":85,"column":6},"end":{"line":null,"column":-1}},"59":{"start":{"line":87,"column":44},"end":{"line":87,"column":43}},"60":{"start":{"line":88,"column":6},"end":{"line":null,"column":-1}},"61":{"start":{"line":89,"column":6},"end":{"line":null,"column":-1}},"62":{"start":{"line":91,"column":41},"end":{"line":91,"column":40}},"63":{"start":{"line":92,"column":6},"end":{"line":null,"column":-1}},"64":{"start":{"line":93,"column":6},"end":{"line":null,"column":-1}}},"fnMap":{"0":{"name":"registerWeb3Instance","decl":{"start":{"line":17,"column":13},"end":{"line":18,"column":25}},"loc":{"start":{"line":18,"column":42},"end":{"line":17,"column":13}}},"1":{"name":"pollWeb3Instance","decl":{"start":{"line":17,"column":13},"end":{"line":31,"column":21}},"loc":{"start":{"line":31,"column":38},"end":{"line":17,"column":13}}},"2":{"name":"registerContractInstance","decl":{"start":{"line":17,"column":13},"end":{"line":36,"column":29}},"loc":{"start":{"line":36,"column":46},"end":{"line":17,"column":13}}},"3":{"name":"(anonymous_4)","decl":{"start":{"line":38,"column":31},"end":{"line":38,"column":36}},"loc":{"start":{"line":38,"column":31},"end":{"line":38,"column":6}}},"4":{"name":"registerVaultContractInstance","decl":{"start":{"line":17,"column":13},"end":{"line":40,"column":34}},"loc":{"start":{"line":40,"column":51},"end":{"line":17,"column":13}}},"5":{"name":"(anonymous_6)","decl":{"start":{"line":42,"column":36},"end":{"line":42,"column":41}},"loc":{"start":{"line":42,"column":36},"end":{"line":42,"column":6}}},"6":{"name":"pollVaultContractInstance","decl":{"start":{"line":17,"column":13},"end":{"line":44,"column":30}},"loc":{"start":{"line":44,"column":47},"end":{"line":17,"column":13}}},"7":{"name":"getVaultUserBalanceInstance","decl":{"start":{"line":17,"column":13},"end":{"line":49,"column":32}},"loc":{"start":{"line":49,"column":49},"end":{"line":17,"column":13}}},"8":{"name":"addContractEventInstance","decl":{"start":{"line":17,"column":13},"end":{"line":53,"column":29}},"loc":{"start":{"line":53,"column":46},"end":{"line":17,"column":13}}},"9":{"name":"registerWeb3","decl":{"start":{"line":59,"column":11},"end":{"line":60,"column":27}},"loc":{"start":{"line":60,"column":28},"end":{"line":59,"column":11}}},"10":{"name":"(anonymous_11)","decl":{"start":{"line":62,"column":19},"end":{"line":62,"column":28}},"loc":{"start":{"line":62,"column":29},"end":{"line":62,"column":6}}},"11":{"name":"(anonymous_12)","decl":{"start":{"line":65,"column":15},"end":{"line":65,"column":19}},"loc":{"start":{"line":65,"column":20},"end":{"line":62,"column":6}}},"12":{"name":"pollWeb3","decl":{"start":{"line":59,"column":11},"end":{"line":69,"column":23}},"loc":{"start":{"line":69,"column":33},"end":{"line":59,"column":11}}},"13":{"name":"getContractInstance","decl":{"start":{"line":59,"column":11},"end":{"line":73,"column":34}},"loc":{"start":{"line":73,"column":35},"end":{"line":59,"column":11}}},"14":{"name":"(anonymous_15)","decl":{"start":{"line":74,"column":23},"end":{"line":74,"column":32}},"loc":{"start":{"line":74,"column":33},"end":{"line":74,"column":6}}},"15":{"name":"(anonymous_16)","decl":{"start":{"line":76,"column":15},"end":{"line":76,"column":19}},"loc":{"start":{"line":76,"column":15},"end":{"line":74,"column":6}}},"16":{"name":"getVaultContractInstance","decl":{"start":{"line":59,"column":11},"end":{"line":78,"column":39}},"loc":{"start":{"line":78,"column":40},"end":{"line":59,"column":11}}},"17":{"name":"(anonymous_18)","decl":{"start":{"line":79,"column":28},"end":{"line":79,"column":37}},"loc":{"start":{"line":79,"column":38},"end":{"line":79,"column":6}}},"18":{"name":"(anonymous_19)","decl":{"start":{"line":81,"column":15},"end":{"line":81,"column":19}},"loc":{"start":{"line":81,"column":15},"end":{"line":79,"column":6}}},"19":{"name":"pollVaultContract","decl":{"start":{"line":59,"column":11},"end":{"line":83,"column":32}},"loc":{"start":{"line":83,"column":42},"end":{"line":59,"column":11}}},"20":{"name":"getVaultUserBalance","decl":{"start":{"line":59,"column":11},"end":{"line":87,"column":34}},"loc":{"start":{"line":87,"column":44},"end":{"line":59,"column":11}}},"21":{"name":"addContractEvent","decl":{"start":{"line":59,"column":11},"end":{"line":91,"column":31}},"loc":{"start":{"line":91,"column":41},"end":{"line":59,"column":11}}}},"branchMap":{},"s":{"0":0,"1":0,"2":0,"3":0,"4":0,"5":0,"6":0,"7":0,"8":0,"9":0,"10":0,"11":0,"12":0,"13":0,"14":0,"15":0,"16":0,"17":0,"18":0,"19":0,"20":0,"21":0,"22":0,"23":0,"24":0,"25":0,"26":0,"27":0,"28":0,"29":0,"30":0,"31":0,"32":0,"33":0,"34":0,"35":0,"36":0,"37":0,"38":0,"39":0,"40":0,"41":0,"42":0,"43":0,"44":0,"45":0,"46":0,"47":0,"48":0,"49":0,"50":0,"51":0,"52":0,"53":0,"54":0,"55":0,"56":0,"57":0,"58":0,"59":0,"60":0,"61":0,"62":0,"63":0,"64":0},"f":{"0":0,"1":0,"2":0,"3":0,"4":0,"5":0,"6":0,"7":0,"8":0,"9":0,"10":0,"11":0,"12":0,"13":0,"14":0,"15":0,"16":0,"17":0,"18":0,"19":0,"20":0,"21":0},"b":{}}
,"/Users/bobby/git/firstblood/web3vueVault/Vault/src/store/state.js": {"path":"/Users/bobby/git/firstblood/web3vueVault/Vault/src/store/state.js","statementMap":{"0":{"start":{"line":1,"column":12},"end":{"line":1,"column":0}}},"fnMap":{},"branchMap":{},"s":{"0":0},"f":{},"b":{}}
,"/Users/bobby/git/firstblood/web3vueVault/Vault/src/util/getContract.js": {"path":"/Users/bobby/git/firstblood/web3vueVault/Vault/src/util/getContract.js","statementMap":{"0":{"start":{"line":1,"column":0},"end":{"line":null,"column":-1}},"1":{"start":{"line":2,"column":0},"end":{"line":null,"column":-1}},"2":{"start":{"line":4,"column":18},"end":{"line":4,"column":0}},"3":{"start":{"line":5,"column":13},"end":{"line":5,"column":2}},"4":{"start":{"line":6,"column":23},"end":{"line":6,"column":2}},"5":{"start":{"line":7,"column":31},"end":{"line":7,"column":2}},"6":{"start":{"line":8,"column":2},"end":{"line":null,"column":-1}},"7":{"start":{"line":9,"column":2},"end":{"line":null,"column":-1}},"8":{"start":{"line":10,"column":2},"end":{"line":null,"column":-1}}},"fnMap":{"0":{"name":"(anonymous_1)","decl":{"start":{"line":4,"column":30},"end":{"line":4,"column":39}},"loc":{"start":{"line":4,"column":57},"end":{"line":4,"column":18}}}},"branchMap":{},"s":{"0":0,"1":0,"2":0,"3":0,"4":0,"5":0,"6":0,"7":0,"8":0},"f":{"0":0},"b":{}}
,"/Users/bobby/git/firstblood/web3vueVault/Vault/src/util/getVaultContract.js": {"path":"/Users/bobby/git/firstblood/web3vueVault/Vault/src/util/getVaultContract.js","statementMap":{"0":{"start":{"line":1,"column":0},"end":{"line":null,"column":-1}},"1":{"start":{"line":2,"column":0},"end":{"line":null,"column":-1}},"2":{"start":{"line":4,"column":23},"end":{"line":4,"column":0}},"3":{"start":{"line":5,"column":13},"end":{"line":5,"column":2}},"4":{"start":{"line":6,"column":22},"end":{"line":6,"column":2}},"5":{"start":{"line":7,"column":30},"end":{"line":7,"column":2}},"6":{"start":{"line":8,"column":2},"end":{"line":null,"column":-1}},"7":{"start":{"line":9,"column":2},"end":{"line":null,"column":-1}},"8":{"start":{"line":10,"column":2},"end":{"line":null,"column":-1}}},"fnMap":{"0":{"name":"(anonymous_1)","decl":{"start":{"line":4,"column":35},"end":{"line":4,"column":44}},"loc":{"start":{"line":4,"column":62},"end":{"line":4,"column":23}}}},"branchMap":{},"s":{"0":0,"1":0,"2":0,"3":0,"4":0,"5":0,"6":0,"7":0,"8":0},"f":{"0":0},"b":{}}
,"/Users/bobby/git/firstblood/web3vueVault/Vault/src/util/getVaultUserBalance.js": {"path":"/Users/bobby/git/firstblood/web3vueVault/Vault/src/util/getVaultUserBalance.js","statementMap":{"0":{"start":{"line":1,"column":0},"end":{"line":null,"column":-1}},"1":{"start":{"line":3,"column":26},"end":{"line":3,"column":0}},"2":{"start":{"line":4,"column":2},"end":{"line":null,"column":-1}},"3":{"start":{"line":5,"column":4},"end":{"line":9,"column":5}},"4":{"start":{"line":6,"column":6},"end":{"line":null,"column":-1}}},"fnMap":{"0":{"name":"getVaultUserBalance","decl":{"start":{"line":3,"column":4},"end":{"line":3,"column":26}},"loc":{"start":{"line":3,"column":43},"end":{"line":3,"column":0}}},"1":{"name":"(anonymous_1)","decl":{"start":{"line":4,"column":75},"end":{"line":4,"column":75}},"loc":{"start":{"line":4,"column":102},"end":{"line":4,"column":2}}}},"branchMap":{"0":{"loc":{"start":{"line":5,"column":4},"end":{"line":9,"column":5}},"type":"if","locations":[{"start":{"line":5,"column":4},"end":{"line":9,"column":5}},{"start":{"line":5,"column":4},"end":{"line":9,"column":5}}]}},"s":{"0":0,"1":0,"2":0,"3":0,"4":0},"f":{"0":0,"1":0},"b":{"0":[0,0]}}
,"/Users/bobby/git/firstblood/web3vueVault/Vault/src/util/getWeb3.js": {"path":"/Users/bobby/git/firstblood/web3vueVault/Vault/src/util/getWeb3.js","statementMap":{"0":{"start":{"line":1,"column":0},"end":{"line":null,"column":-1}},"1":{"start":{"line":11,"column":14},"end":{"line":11,"column":0}},"2":{"start":{"line":13,"column":15},"end":{"line":13,"column":2}},"3":{"start":{"line":14,"column":2},"end":{"line":25,"column":3}},"4":{"start":{"line":15,"column":15},"end":{"line":15,"column":4}},"5":{"start":{"line":16,"column":4},"end":{"line":null,"column":-1}},"6":{"start":{"line":19,"column":8},"end":{"line":null,"column":-1}},"7":{"start":{"line":24,"column":4},"end":{"line":null,"column":-1}},"8":{"start":{"line":28,"column":4},"end":{"line":null,"column":-1}},"9":{"start":{"line":30,"column":6},"end":{"line":null,"column":-1}},"10":{"start":{"line":31,"column":8},"end":{"line":38,"column":9}},"11":{"start":{"line":33,"column":10},"end":{"line":null,"column":-1}},"12":{"start":{"line":36,"column":10},"end":{"line":null,"column":-1}},"13":{"start":{"line":37,"column":10},"end":{"line":null,"column":-1}},"14":{"start":{"line":43,"column":4},"end":{"line":null,"column":-1}},"15":{"start":{"line":45,"column":6},"end":{"line":null,"column":-1}},"16":{"start":{"line":46,"column":8},"end":{"line":51,"column":9}},"17":{"start":{"line":47,"column":10},"end":{"line":null,"column":-1}},"18":{"start":{"line":49,"column":10},"end":{"line":null,"column":-1}},"19":{"start":{"line":50,"column":10},"end":{"line":null,"column":-1}},"20":{"start":{"line":56,"column":4},"end":{"line":null,"column":-1}},"21":{"start":{"line":58,"column":6},"end":{"line":null,"column":-1}},"22":{"start":{"line":59,"column":8},"end":{"line":64,"column":9}},"23":{"start":{"line":60,"column":10},"end":{"line":null,"column":-1}},"24":{"start":{"line":62,"column":10},"end":{"line":null,"column":-1}},"25":{"start":{"line":63,"column":10},"end":{"line":null,"column":-1}}},"fnMap":{"0":{"name":"(anonymous_1)","decl":{"start":{"line":11,"column":26},"end":{"line":11,"column":35}},"loc":{"start":{"line":11,"column":53},"end":{"line":11,"column":14}}},"1":{"name":"web3","decl":{"start":{"line":16,"column":12},"end":{"line":18,"column":13}},"loc":{"start":{"line":18,"column":14},"end":{"line":16,"column":12}}},"2":{"name":"(anonymous_3)","decl":{"start":{"line":27,"column":8},"end":{"line":27,"column":17}},"loc":{"start":{"line":27,"column":18},"end":{"line":11,"column":14}}},"3":{"name":"(anonymous_4)","decl":{"start":{"line":28,"column":23},"end":{"line":28,"column":32}},"loc":{"start":{"line":28,"column":50},"end":{"line":28,"column":11}}},"4":{"name":"(anonymous_5)","decl":{"start":{"line":30,"column":39},"end":{"line":30,"column":39}},"loc":{"start":{"line":30,"column":59},"end":{"line":30,"column":6}}},"5":{"name":"(anonymous_6)","decl":{"start":{"line":42,"column":8},"end":{"line":42,"column":17}},"loc":{"start":{"line":42,"column":18},"end":{"line":11,"column":14}}},"6":{"name":"(anonymous_7)","decl":{"start":{"line":43,"column":23},"end":{"line":43,"column":32}},"loc":{"start":{"line":43,"column":50},"end":{"line":43,"column":11}}},"7":{"name":"(anonymous_8)","decl":{"start":{"line":45,"column":36},"end":{"line":45,"column":36}},"loc":{"start":{"line":45,"column":55},"end":{"line":45,"column":6}}},"8":{"name":"(anonymous_9)","decl":{"start":{"line":55,"column":8},"end":{"line":55,"column":17}},"loc":{"start":{"line":55,"column":18},"end":{"line":11,"column":14}}},"9":{"name":"(anonymous_10)","decl":{"start":{"line":56,"column":23},"end":{"line":56,"column":32}},"loc":{"start":{"line":56,"column":50},"end":{"line":56,"column":11}}},"10":{"name":"(anonymous_11)","decl":{"start":{"line":58,"column":52},"end":{"line":58,"column":52}},"loc":{"start":{"line":58,"column":70},"end":{"line":58,"column":6}}}},"branchMap":{"0":{"loc":{"start":{"line":14,"column":2},"end":{"line":25,"column":3}},"type":"if","locations":[{"start":{"line":14,"column":2},"end":{"line":25,"column":3}},{"start":{"line":14,"column":2},"end":{"line":25,"column":3}}]},"1":{"loc":{"start":{"line":31,"column":8},"end":{"line":38,"column":9}},"type":"if","locations":[{"start":{"line":31,"column":8},"end":{"line":38,"column":9}},{"start":{"line":31,"column":8},"end":{"line":38,"column":9}}]},"2":{"loc":{"start":{"line":46,"column":8},"end":{"line":51,"column":9}},"type":"if","locations":[{"start":{"line":46,"column":8},"end":{"line":51,"column":9}},{"start":{"line":46,"column":8},"end":{"line":51,"column":9}}]},"3":{"loc":{"start":{"line":59,"column":8},"end":{"line":64,"column":9}},"type":"if","locations":[{"start":{"line":59,"column":8},"end":{"line":64,"column":9}},{"start":{"line":59,"column":8},"end":{"line":64,"column":9}}]}},"s":{"0":0,"1":0,"2":0,"3":0,"4":0,"5":0,"6":0,"7":0,"8":0,"9":0,"10":0,"11":0,"12":0,"13":0,"14":0,"15":0,"16":0,"17":0,"18":0,"19":0,"20":0,"21":0,"22":0,"23":0,"24":0,"25":0},"f":{"0":0,"1":0,"2":0,"3":0,"4":0,"5":0,"6":0,"7":0,"8":0,"9":0,"10":0},"b":{"0":[0,0],"1":[0,0],"2":[0,0],"3":[0,0]}}
,"/Users/bobby/git/firstblood/web3vueVault/Vault/src/util/initializeEventList.js": {"path":"/Users/bobby/git/firstblood/web3vueVault/Vault/src/util/initializeEventList.js","statementMap":{"0":{"start":{"line":1,"column":0},"end":{"line":null,"column":-1}},"1":{"start":{"line":3,"column":26},"end":{"line":3,"column":0}},"2":{"start":{"line":4,"column":2},"end":{"line":null,"column":-1}},"3":{"start":{"line":5,"column":4},"end":{"line":9,"column":5}},"4":{"start":{"line":6,"column":6},"end":{"line":null,"column":-1}}},"fnMap":{"0":{"name":"initializeEventList","decl":{"start":{"line":3,"column":4},"end":{"line":3,"column":26}},"loc":{"start":{"line":3,"column":43},"end":{"line":3,"column":0}}},"1":{"name":"(anonymous_1)","decl":{"start":{"line":4,"column":115},"end":{"line":4,"column":115}},"loc":{"start":{"line":4,"column":131},"end":{"line":4,"column":2}}}},"branchMap":{"0":{"loc":{"start":{"line":5,"column":4},"end":{"line":9,"column":5}},"type":"if","locations":[{"start":{"line":5,"column":4},"end":{"line":9,"column":5}},{"start":{"line":5,"column":4},"end":{"line":9,"column":5}}]}},"s":{"0":0,"1":0,"2":0,"3":0,"4":0},"f":{"0":0,"1":0},"b":{"0":[0,0]}}
,"/Users/bobby/git/firstblood/web3vueVault/Vault/src/util/pollVaultContract.js": {"path":"/Users/bobby/git/firstblood/web3vueVault/Vault/src/util/pollVaultContract.js","statementMap":{"0":{"start":{"line":1,"column":0},"end":{"line":null,"column":-1}},"1":{"start":{"line":2,"column":0},"end":{"line":null,"column":-1}},"2":{"start":{"line":3,"column":0},"end":{"line":null,"column":-1}},"3":{"start":{"line":5,"column":24},"end":{"line":5,"column":0}},"4":{"start":{"line":6,"column":13},"end":{"line":6,"column":2}},"5":{"start":{"line":7,"column":2},"end":{"line":null,"column":-1}},"6":{"start":{"line":9,"column":2},"end":{"line":null,"column":-1}},"7":{"start":{"line":10,"column":4},"end":{"line":20,"column":5}},"8":{"start":{"line":11,"column":6},"end":{"line":null,"column":-1}},"9":{"start":{"line":12,"column":8},"end":{"line":18,"column":9}},"10":{"start":{"line":13,"column":10},"end":{"line":null,"column":-1}},"11":{"start":{"line":14,"column":15},"end":{"line":18,"column":9}},"12":{"start":{"line":15,"column":10},"end":{"line":null,"column":-1}}},"fnMap":{"0":{"name":"pollVaultContract","decl":{"start":{"line":5,"column":4},"end":{"line":5,"column":24}},"loc":{"start":{"line":5,"column":41},"end":{"line":5,"column":0}}},"1":{"name":"(anonymous_2)","decl":{"start":{"line":9,"column":14},"end":{"line":9,"column":19}},"loc":{"start":{"line":9,"column":20},"end":{"line":9,"column":2}}},"2":{"name":"(anonymous_3)","decl":{"start":{"line":11,"column":40},"end":{"line":11,"column":40}},"loc":{"start":{"line":11,"column":64},"end":{"line":11,"column":6}}}},"branchMap":{"0":{"loc":{"start":{"line":10,"column":4},"end":{"line":20,"column":5}},"type":"if","locations":[{"start":{"line":10,"column":4},"end":{"line":20,"column":5}},{"start":{"line":10,"column":4},"end":{"line":20,"column":5}}]},"1":{"loc":{"start":{"line":10,"column":8},"end":{"line":10,"column":15}},"type":"binary-expr","locations":[{"start":{"line":10,"column":8},"end":{"line":10,"column":15}},{"start":{"line":10,"column":16},"end":{"line":10,"column":4}}]},"2":{"loc":{"start":{"line":12,"column":8},"end":{"line":18,"column":9}},"type":"if","locations":[{"start":{"line":12,"column":8},"end":{"line":18,"column":9}},{"start":{"line":12,"column":8},"end":{"line":18,"column":9}}]},"3":{"loc":{"start":{"line":14,"column":15},"end":{"line":18,"column":9}},"type":"if","locations":[{"start":{"line":14,"column":15},"end":{"line":18,"column":9}},{"start":{"line":14,"column":15},"end":{"line":18,"column":9}}]}},"s":{"0":0,"1":0,"2":0,"3":0,"4":0,"5":0,"6":0,"7":0,"8":0,"9":0,"10":0,"11":0,"12":0},"f":{"0":0,"1":0,"2":0},"b":{"0":[0,0],"1":[0,0],"2":[0,0],"3":[0,0]}}
,"/Users/bobby/git/firstblood/web3vueVault/Vault/src/util/pollWeb3.js": {"path":"/Users/bobby/git/firstblood/web3vueVault/Vault/src/util/pollWeb3.js","statementMap":{"0":{"start":{"line":1,"column":0},"end":{"line":null,"column":-1}},"1":{"start":{"line":2,"column":0},"end":{"line":null,"column":-1}},"2":{"start":{"line":4,"column":15},"end":{"line":4,"column":0}},"3":{"start":{"line":5,"column":13},"end":{"line":5,"column":2}},"4":{"start":{"line":6,"column":2},"end":{"line":null,"column":-1}},"5":{"start":{"line":8,"column":2},"end":{"line":null,"column":-1}},"6":{"start":{"line":9,"column":4},"end":{"line":34,"column":5}},"7":{"start":{"line":10,"column":6},"end":{"line":33,"column":7}},"8":{"start":{"line":11,"column":26},"end":{"line":11,"column":8}},"9":{"start":{"line":12,"column":8},"end":{"line":null,"column":-1}},"10":{"start":{"line":13,"column":10},"end":{"line":20,"column":11}},"11":{"start":{"line":14,"column":12},"end":{"line":null,"column":-1}},"12":{"start":{"line":16,"column":12},"end":{"line":null,"column":-1}},"13":{"start":{"line":23,"column":8},"end":{"line":null,"column":-1}},"14":{"start":{"line":24,"column":10},"end":{"line":31,"column":11}},"15":{"start":{"line":25,"column":12},"end":{"line":null,"column":-1}},"16":{"start":{"line":26,"column":17},"end":{"line":31,"column":11}},"17":{"start":{"line":27,"column":12},"end":{"line":null,"column":-1}}},"fnMap":{"0":{"name":"pollWeb3","decl":{"start":{"line":4,"column":4},"end":{"line":4,"column":15}},"loc":{"start":{"line":4,"column":32},"end":{"line":4,"column":0}}},"1":{"name":"(anonymous_2)","decl":{"start":{"line":8,"column":14},"end":{"line":8,"column":19}},"loc":{"start":{"line":8,"column":20},"end":{"line":8,"column":2}}},"2":{"name":"(anonymous_3)","decl":{"start":{"line":12,"column":47},"end":{"line":12,"column":56}},"loc":{"start":{"line":12,"column":74},"end":{"line":12,"column":8}}},"3":{"name":"(anonymous_4)","decl":{"start":{"line":23,"column":55},"end":{"line":23,"column":55}},"loc":{"start":{"line":23,"column":79},"end":{"line":23,"column":8}}}},"branchMap":{"0":{"loc":{"start":{"line":9,"column":4},"end":{"line":34,"column":5}},"type":"if","locations":[{"start":{"line":9,"column":4},"end":{"line":34,"column":5}},{"start":{"line":9,"column":4},"end":{"line":34,"column":5}}]},"1":{"loc":{"start":{"line":9,"column":8},"end":{"line":9,"column":15}},"type":"binary-expr","locations":[{"start":{"line":9,"column":8},"end":{"line":9,"column":15}},{"start":{"line":9,"column":16},"end":{"line":9,"column":4}}]},"2":{"loc":{"start":{"line":10,"column":6},"end":{"line":33,"column":7}},"type":"if","locations":[{"start":{"line":10,"column":6},"end":{"line":33,"column":7}},{"start":{"line":10,"column":6},"end":{"line":33,"column":7}}]},"3":{"loc":{"start":{"line":13,"column":10},"end":{"line":20,"column":11}},"type":"if","locations":[{"start":{"line":13,"column":10},"end":{"line":20,"column":11}},{"start":{"line":13,"column":10},"end":{"line":20,"column":11}}]},"4":{"loc":{"start":{"line":24,"column":10},"end":{"line":31,"column":11}},"type":"if","locations":[{"start":{"line":24,"column":10},"end":{"line":31,"column":11}},{"start":{"line":24,"column":10},"end":{"line":31,"column":11}}]},"5":{"loc":{"start":{"line":26,"column":17},"end":{"line":31,"column":11}},"type":"if","locations":[{"start":{"line":26,"column":17},"end":{"line":31,"column":11}},{"start":{"line":26,"column":17},"end":{"line":31,"column":11}}]}},"s":{"0":0,"1":0,"2":0,"3":0,"4":0,"5":0,"6":0,"7":0,"8":0,"9":0,"10":0,"11":0,"12":0,"13":0,"14":0,"15":0,"16":0,"17":0},"f":{"0":0,"1":0,"2":0,"3":0},"b":{"0":[0,0],"1":[0,0],"2":[0,0],"3":[0,0],"4":[0,0],"5":[0,0]}}
,"/Users/bobby/git/firstblood/web3vueVault/Vault/src/util/constants/casinoContract.js": {"path":"/Users/bobby/git/firstblood/web3vueVault/Vault/src/util/constants/casinoContract.js","statementMap":{"0":{"start":{"line":1,"column":16},"end":{"line":1,"column":0}},"1":{"start":{"line":2,"column":12},"end":{"line":2,"column":0}}},"fnMap":{},"branchMap":{},"s":{"0":0,"1":0},"f":{},"b":{}}
,"/Users/bobby/git/firstblood/web3vueVault/Vault/src/util/constants/networks.js": {"path":"/Users/bobby/git/firstblood/web3vueVault/Vault/src/util/constants/networks.js","statementMap":{"0":{"start":{"line":1,"column":13},"end":{"line":1,"column":7}}},"fnMap":{},"branchMap":{},"s":{"0":0},"f":{},"b":{}}
,"/Users/bobby/git/firstblood/web3vueVault/Vault/src/util/constants/vaultContract.js": {"path":"/Users/bobby/git/firstblood/web3vueVault/Vault/src/util/constants/vaultContract.js","statementMap":{"0":{"start":{"line":1,"column":21},"end":{"line":1,"column":0}},"1":{"start":{"line":3,"column":17},"end":{"line":3,"column":0}}},"fnMap":{},"branchMap":{},"s":{"0":0,"1":0},"f":{},"b":{}}
}
