TN:
SF:/Users/bobby/git/firstblood/web3vueVault/Vault/src/components/event-monitor.vue
FN:30,lastEventBlock
FN:31,eventList
FNF:2
FNH:0
FNDA:0,lastEventBlock
FNDA:0,eventList
DA:25,0
DA:30,0
DA:31,0
LF:3
LH:0
BRF:0
BRH:0
end_of_record
TN:
SF:/Users/bobby/git/firstblood/web3vueVault/Vault/src/components/user-wallet.vue
FN:23,data
FN:31,coinbase
FN:32,balance
FN:37,clickDeposit
FN:41,(anonymous_5)
FNF:5
FNH:0
FNDA:0,data
FNDA:0,coinbase
FNDA:0,balance
FNDA:0,clickDeposit
FNDA:0,(anonymous_5)
DA:19,0
DA:24,0
DA:31,0
DA:33,0
DA:37,0
DA:38,0
DA:39,0
DA:40,0
DA:41,0
DA:46,0
DA:47,0
DA:48,0
DA:50,0
DA:51,0
LF:14
LH:0
BRDA:33,0,0,0
BRDA:33,0,1,0
BRDA:46,1,0,0
BRDA:46,1,1,0
BRF:4
BRH:0
end_of_record
TN:
SF:/Users/bobby/git/firstblood/web3vueVault/Vault/src/components/vault-dapp.vue
FN:35,beforeCreate
FNF:1
FNH:0
FNDA:0,beforeCreate
DA:29,0
DA:30,0
DA:31,0
DA:36,0
DA:37,0
LF:5
LH:0
BRF:0
BRH:0
end_of_record
TN:
SF:/Users/bobby/git/firstblood/web3vueVault/Vault/src/components/vault.vue
FN:25,data
FN:34,balance
FN:37,userBalance
FN:42,clickWithdraw
FN:46,(anonymous_5)
FN:60,mounted
FNF:6
FNH:0
FNDA:0,data
FNDA:0,balance
FNDA:0,userBalance
FNDA:0,clickWithdraw
FNDA:0,(anonymous_5)
FNDA:0,mounted
DA:20,0
DA:21,0
DA:26,0
DA:35,0
DA:38,0
DA:42,0
DA:43,0
DA:44,0
DA:45,0
DA:46,0
DA:50,0
DA:51,0
DA:52,0
DA:54,0
DA:55,0
DA:61,0
DA:62,0
LF:17
LH:0
BRDA:35,0,0,0
BRDA:35,0,1,0
BRDA:38,1,0,0
BRDA:38,1,1,0
BRDA:50,2,0,0
BRDA:50,2,1,0
BRF:6
BRH:0
end_of_record
TN:
SF:/Users/bobby/git/firstblood/web3vueVault/Vault/src/store/index.js
FN:17,registerWeb3Instance
FN:17,pollWeb3Instance
FN:17,registerContractInstance
FN:38,(anonymous_4)
FN:17,registerVaultContractInstance
FN:42,(anonymous_6)
FN:17,pollVaultContractInstance
FN:17,getVaultUserBalanceInstance
FN:17,addContractEventInstance
FN:59,registerWeb3
FN:62,(anonymous_11)
FN:65,(anonymous_12)
FN:59,pollWeb3
FN:59,getContractInstance
FN:74,(anonymous_15)
FN:76,(anonymous_16)
FN:59,getVaultContractInstance
FN:79,(anonymous_18)
FN:81,(anonymous_19)
FN:59,pollVaultContract
FN:59,getVaultUserBalance
FN:59,addContractEvent
FNF:22
FNH:0
FNDA:0,registerWeb3Instance
FNDA:0,pollWeb3Instance
FNDA:0,registerContractInstance
FNDA:0,(anonymous_4)
FNDA:0,registerVaultContractInstance
FNDA:0,(anonymous_6)
FNDA:0,pollVaultContractInstance
FNDA:0,getVaultUserBalanceInstance
FNDA:0,addContractEventInstance
FNDA:0,registerWeb3
FNDA:0,(anonymous_11)
FNDA:0,(anonymous_12)
FNDA:0,pollWeb3
FNDA:0,getContractInstance
FNDA:0,(anonymous_15)
FNDA:0,(anonymous_16)
FNDA:0,getVaultContractInstance
FNDA:0,(anonymous_18)
FNDA:0,(anonymous_19)
FNDA:0,pollVaultContract
FNDA:0,getVaultUserBalance
FNDA:0,addContractEvent
DA:1,0
DA:2,0
DA:3,0
DA:4,0
DA:5,0
DA:6,0
DA:7,0
DA:8,0
DA:9,0
DA:10,0
DA:13,0
DA:14,0
DA:19,0
DA:20,0
DA:21,0
DA:22,0
DA:23,0
DA:24,0
DA:25,0
DA:26,0
DA:27,0
DA:28,0
DA:29,0
DA:32,0
DA:33,0
DA:34,0
DA:37,0
DA:38,0
DA:41,0
DA:42,0
DA:45,0
DA:46,0
DA:47,0
DA:50,0
DA:51,0
DA:54,0
DA:56,0
DA:60,0
DA:61,0
DA:62,0
DA:63,0
DA:64,0
DA:66,0
DA:69,0
DA:70,0
DA:71,0
DA:73,0
DA:74,0
DA:75,0
DA:76,0
DA:78,0
DA:79,0
DA:80,0
DA:81,0
DA:83,0
DA:84,0
DA:85,0
DA:87,0
DA:88,0
DA:89,0
DA:91,0
DA:92,0
DA:93,0
LF:63
LH:0
BRF:0
BRH:0
end_of_record
TN:
SF:/Users/bobby/git/firstblood/web3vueVault/Vault/src/store/state.js
FNF:0
FNH:0
DA:1,0
LF:1
LH:0
BRF:0
BRH:0
end_of_record
TN:
SF:/Users/bobby/git/firstblood/web3vueVault/Vault/src/util/getContract.js
FN:4,(anonymous_1)
FNF:1
FNH:0
FNDA:0,(anonymous_1)
DA:1,0
DA:2,0
DA:4,0
DA:5,0
DA:6,0
DA:7,0
DA:8,0
DA:9,0
DA:10,0
LF:9
LH:0
BRF:0
BRH:0
end_of_record
TN:
SF:/Users/bobby/git/firstblood/web3vueVault/Vault/src/util/getVaultContract.js
FN:4,(anonymous_1)
FNF:1
FNH:0
FNDA:0,(anonymous_1)
DA:1,0
DA:2,0
DA:4,0
DA:5,0
DA:6,0
DA:7,0
DA:8,0
DA:9,0
DA:10,0
LF:9
LH:0
BRF:0
BRH:0
end_of_record
TN:
SF:/Users/bobby/git/firstblood/web3vueVault/Vault/src/util/getVaultUserBalance.js
FN:3,getVaultUserBalance
FN:4,(anonymous_1)
FNF:2
FNH:0
FNDA:0,getVaultUserBalance
FNDA:0,(anonymous_1)
DA:1,0
DA:3,0
DA:4,0
DA:5,0
DA:6,0
LF:5
LH:0
BRDA:5,0,0,0
BRDA:5,0,1,0
BRF:2
BRH:0
end_of_record
TN:
SF:/Users/bobby/git/firstblood/web3vueVault/Vault/src/util/getWeb3.js
FN:11,(anonymous_1)
FN:16,web3
FN:27,(anonymous_3)
FN:28,(anonymous_4)
FN:30,(anonymous_5)
FN:42,(anonymous_6)
FN:43,(anonymous_7)
FN:45,(anonymous_8)
FN:55,(anonymous_9)
FN:56,(anonymous_10)
FN:58,(anonymous_11)
FNF:11
FNH:0
FNDA:0,(anonymous_1)
FNDA:0,web3
FNDA:0,(anonymous_3)
FNDA:0,(anonymous_4)
FNDA:0,(anonymous_5)
FNDA:0,(anonymous_6)
FNDA:0,(anonymous_7)
FNDA:0,(anonymous_8)
FNDA:0,(anonymous_9)
FNDA:0,(anonymous_10)
FNDA:0,(anonymous_11)
DA:1,0
DA:11,0
DA:13,0
DA:14,0
DA:15,0
DA:16,0
DA:19,0
DA:24,0
DA:28,0
DA:30,0
DA:31,0
DA:33,0
DA:36,0
DA:37,0
DA:43,0
DA:45,0
DA:46,0
DA:47,0
DA:49,0
DA:50,0
DA:56,0
DA:58,0
DA:59,0
DA:60,0
DA:62,0
DA:63,0
LF:26
LH:0
BRDA:14,0,0,0
BRDA:14,0,1,0
BRDA:31,1,0,0
BRDA:31,1,1,0
BRDA:46,2,0,0
BRDA:46,2,1,0
BRDA:59,3,0,0
BRDA:59,3,1,0
BRF:8
BRH:0
end_of_record
TN:
SF:/Users/bobby/git/firstblood/web3vueVault/Vault/src/util/initializeEventList.js
FN:3,initializeEventList
FN:4,(anonymous_1)
FNF:2
FNH:0
FNDA:0,initializeEventList
FNDA:0,(anonymous_1)
DA:1,0
DA:3,0
DA:4,0
DA:5,0
DA:6,0
LF:5
LH:0
BRDA:5,0,0,0
BRDA:5,0,1,0
BRF:2
BRH:0
end_of_record
TN:
SF:/Users/bobby/git/firstblood/web3vueVault/Vault/src/util/pollVaultContract.js
FN:5,pollVaultContract
FN:9,(anonymous_2)
FN:11,(anonymous_3)
FNF:3
FNH:0
FNDA:0,pollVaultContract
FNDA:0,(anonymous_2)
FNDA:0,(anonymous_3)
DA:1,0
DA:2,0
DA:3,0
DA:5,0
DA:6,0
DA:7,0
DA:9,0
DA:10,0
DA:11,0
DA:12,0
DA:13,0
DA:14,0
DA:15,0
LF:13
LH:0
BRDA:10,0,0,0
BRDA:10,0,1,0
BRDA:10,1,0,0
BRDA:10,1,1,0
BRDA:12,2,0,0
BRDA:12,2,1,0
BRDA:14,3,0,0
BRDA:14,3,1,0
BRF:8
BRH:0
end_of_record
TN:
SF:/Users/bobby/git/firstblood/web3vueVault/Vault/src/util/pollWeb3.js
FN:4,pollWeb3
FN:8,(anonymous_2)
FN:12,(anonymous_3)
FN:23,(anonymous_4)
FNF:4
FNH:0
FNDA:0,pollWeb3
FNDA:0,(anonymous_2)
FNDA:0,(anonymous_3)
FNDA:0,(anonymous_4)
DA:1,0
DA:2,0
DA:4,0
DA:5,0
DA:6,0
DA:8,0
DA:9,0
DA:10,0
DA:11,0
DA:12,0
DA:13,0
DA:14,0
DA:16,0
DA:23,0
DA:24,0
DA:25,0
DA:26,0
DA:27,0
LF:18
LH:0
BRDA:9,0,0,0
BRDA:9,0,1,0
BRDA:9,1,0,0
BRDA:9,1,1,0
BRDA:10,2,0,0
BRDA:10,2,1,0
BRDA:13,3,0,0
BRDA:13,3,1,0
BRDA:24,4,0,0
BRDA:24,4,1,0
BRDA:26,5,0,0
BRDA:26,5,1,0
BRF:12
BRH:0
end_of_record
TN:
SF:/Users/bobby/git/firstblood/web3vueVault/Vault/src/util/constants/casinoContract.js
FNF:0
FNH:0
DA:1,0
DA:2,0
LF:2
LH:0
BRF:0
BRH:0
end_of_record
TN:
SF:/Users/bobby/git/firstblood/web3vueVault/Vault/src/util/constants/networks.js
FNF:0
FNH:0
DA:1,0
LF:1
LH:0
BRF:0
BRH:0
end_of_record
TN:
SF:/Users/bobby/git/firstblood/web3vueVault/Vault/src/util/constants/vaultContract.js
FNF:0
FNH:0
DA:1,0
DA:3,0
LF:2
LH:0
BRF:0
BRH:0
end_of_record
